2023-06-21 09:04:08,918 [train.py:59] INFO: learning rate : 0.001
2023-06-21 09:04:08,918 [train.py:60] INFO: batch size : 1
2023-06-21 09:04:08,918 [train.py:61] INFO: num epoch : 160
2023-06-21 09:04:08,918 [train.py:62] INFO: trainflow: 10
2023-06-21 09:04:08,923 [train.py:105] INFO: ==========Start training=========
2023-06-21 09:05:10,528 [trainer.py:175] INFO: Epoch : 1, Train_loss : 0.3922750651836395, Mean_ioU: 0.5180234031318035
2023-06-21 09:06:11,692 [trainer.py:175] INFO: Epoch : 2, Train_loss : 0.2271929830312729, Mean_ioU: 0.6583761609885954
2023-06-21 09:07:13,874 [trainer.py:175] INFO: Epoch : 3, Train_loss : 0.2030649483203888, Mean_ioU: 0.6870494582578948
2023-06-21 09:08:15,262 [trainer.py:175] INFO: Epoch : 4, Train_loss : 0.19338364899158478, Mean_ioU: 0.7021787504600175
2023-06-21 09:09:16,298 [trainer.py:175] INFO: Epoch : 5, Train_loss : 0.18291783332824707, Mean_ioU: 0.7157020878471225
2023-06-21 09:10:17,486 [trainer.py:175] INFO: Epoch : 6, Train_loss : 0.1789514273405075, Mean_ioU: 0.7215174197216326
2023-06-21 09:11:18,721 [trainer.py:175] INFO: Epoch : 7, Train_loss : 0.18076615035533905, Mean_ioU: 0.7209770439439377
2023-06-21 09:12:19,905 [trainer.py:175] INFO: Epoch : 8, Train_loss : 0.1744678020477295, Mean_ioU: 0.7316465520894162
2023-06-21 09:13:21,215 [trainer.py:175] INFO: Epoch : 9, Train_loss : 0.17622143030166626, Mean_ioU: 0.7267658767155429
2023-06-21 09:14:22,615 [trainer.py:175] INFO: Epoch : 10, Train_loss : 0.1699763536453247, Mean_ioU: 0.7378433432933645
2023-06-21 09:14:25,332 [trainer.py:225] INFO: Validation: Loss : 0.11998475342988968, mIoU : 0.7929760715642268
2023-06-21 09:15:26,728 [trainer.py:175] INFO: Epoch : 11, Train_loss : 0.17045046389102936, Mean_ioU: 0.736838404367332
2023-06-21 09:16:27,724 [trainer.py:175] INFO: Epoch : 12, Train_loss : 0.16884857416152954, Mean_ioU: 0.7405323928640403
2023-06-21 09:17:30,517 [trainer.py:175] INFO: Epoch : 13, Train_loss : 0.16324016451835632, Mean_ioU: 0.7475981971299429
2023-06-21 09:18:31,798 [trainer.py:175] INFO: Epoch : 14, Train_loss : 0.162987619638443, Mean_ioU: 0.747806168509741
2023-06-21 09:19:33,097 [trainer.py:175] INFO: Epoch : 15, Train_loss : 0.1622152030467987, Mean_ioU: 0.7500126040663397
2023-06-21 09:20:34,276 [trainer.py:175] INFO: Epoch : 16, Train_loss : 0.16323404014110565, Mean_ioU: 0.7476966314315442
2023-06-21 09:21:35,728 [trainer.py:175] INFO: Epoch : 17, Train_loss : 0.16052718460559845, Mean_ioU: 0.7517281178814286
2023-06-21 09:22:37,676 [trainer.py:175] INFO: Epoch : 18, Train_loss : 0.16119135916233063, Mean_ioU: 0.7491964520167858
2023-06-21 09:23:38,951 [trainer.py:175] INFO: Epoch : 19, Train_loss : 0.16007530689239502, Mean_ioU: 0.7518376978379478
2023-06-21 09:24:40,370 [trainer.py:175] INFO: Epoch : 20, Train_loss : 0.15600818395614624, Mean_ioU: 0.7574719843362971
2023-06-21 09:24:43,101 [trainer.py:225] INFO: Validation: Loss : 0.19771817326545715, mIoU : 0.6801539507112487
2023-06-21 09:25:44,657 [trainer.py:175] INFO: Epoch : 21, Train_loss : 0.1581275910139084, Mean_ioU: 0.7545158149249234
2023-06-21 09:26:46,115 [trainer.py:175] INFO: Epoch : 22, Train_loss : 0.15639182925224304, Mean_ioU: 0.7560588950572538
2023-06-21 09:27:47,391 [trainer.py:175] INFO: Epoch : 23, Train_loss : 0.15359200537204742, Mean_ioU: 0.7613317415016226
2023-06-21 09:28:48,303 [trainer.py:175] INFO: Epoch : 24, Train_loss : 0.15429891645908356, Mean_ioU: 0.758451344887186
2023-06-21 09:29:49,486 [trainer.py:175] INFO: Epoch : 25, Train_loss : 0.15057812631130219, Mean_ioU: 0.7649249943820604
2023-06-21 09:30:50,290 [trainer.py:175] INFO: Epoch : 26, Train_loss : 0.150971919298172, Mean_ioU: 0.7655317581865793
2023-06-21 09:31:51,348 [trainer.py:175] INFO: Epoch : 27, Train_loss : 0.15487071871757507, Mean_ioU: 0.7586712497306827
2023-06-21 09:32:53,189 [trainer.py:175] INFO: Epoch : 28, Train_loss : 0.1496649831533432, Mean_ioU: 0.7671340413124401
2023-06-21 09:33:54,346 [trainer.py:175] INFO: Epoch : 29, Train_loss : 0.15016601979732513, Mean_ioU: 0.7670669026913185
2023-06-21 09:34:56,179 [trainer.py:175] INFO: Epoch : 30, Train_loss : 0.1530534327030182, Mean_ioU: 0.7611648093096709
2023-06-21 09:34:59,031 [trainer.py:225] INFO: Validation: Loss : 0.613395631313324, mIoU : 0.2781018333037337
2023-06-21 09:36:02,005 [trainer.py:175] INFO: Epoch : 31, Train_loss : 0.14624552428722382, Mean_ioU: 0.7709526265443339
