2023-01-14 19:15:45,392 [train.py:60] INFO: learning rate : 0.0001
2023-01-14 19:15:45,393 [train.py:61] INFO: batch size : 160
2023-01-14 19:15:45,393 [train.py:62] INFO: num epoch : 300
2023-01-14 19:15:45,393 [train.py:63] INFO: trainflow: 10
2023-01-14 19:15:45,394 [train.py:106] INFO: ==========Start training=========
2023-01-14 19:17:01,342 [trainer.py:193] INFO: Epoch : 1, Train_loss : 0.2110205888748169, Mean_ioU: 0.23912079204444184
2023-01-14 19:18:13,806 [trainer.py:193] INFO: Epoch : 2, Train_loss : 0.06703823804855347, Mean_ioU: 0.2474261564203578
2023-01-14 19:19:26,330 [trainer.py:193] INFO: Epoch : 3, Train_loss : 0.0585252046585083, Mean_ioU: 0.26500074224788306
2023-01-14 19:20:39,208 [trainer.py:193] INFO: Epoch : 4, Train_loss : 0.0533190481364727, Mean_ioU: 0.30140240718870664
2023-01-14 19:21:51,257 [trainer.py:193] INFO: Epoch : 5, Train_loss : 0.044118624180555344, Mean_ioU: 0.3215216056872068
2023-01-14 19:23:04,198 [trainer.py:193] INFO: Epoch : 6, Train_loss : 0.03975803405046463, Mean_ioU: 0.3316705890383532
2023-01-14 19:24:16,894 [trainer.py:193] INFO: Epoch : 7, Train_loss : 0.03697074577212334, Mean_ioU: 0.3392209525273042
2023-01-14 19:25:29,289 [trainer.py:193] INFO: Epoch : 8, Train_loss : 0.03417431190609932, Mean_ioU: 0.35720942459599736
2023-01-14 19:26:40,969 [trainer.py:193] INFO: Epoch : 9, Train_loss : 0.03262126073241234, Mean_ioU: 0.3765058524015403
2023-01-14 19:27:52,918 [trainer.py:193] INFO: Epoch : 10, Train_loss : 0.03191094473004341, Mean_ioU: 0.4006322942938161
2023-01-14 19:28:11,980 [trainer.py:225] INFO: Validation: Loss : 0.026904482394456863, mIoU : 0.4251505055038583
2023-01-14 19:29:25,570 [trainer.py:193] INFO: Epoch : 11, Train_loss : 0.030676497146487236, Mean_ioU: 0.419703360480938
2023-01-14 19:30:38,008 [trainer.py:193] INFO: Epoch : 12, Train_loss : 0.029485853388905525, Mean_ioU: 0.4380576546001754
2023-01-14 19:31:51,160 [trainer.py:193] INFO: Epoch : 13, Train_loss : 0.02861134335398674, Mean_ioU: 0.4521511356891322
2023-01-14 19:33:03,061 [trainer.py:193] INFO: Epoch : 14, Train_loss : 0.028433585539460182, Mean_ioU: 0.46709502652515805
2023-01-14 19:34:14,945 [trainer.py:193] INFO: Epoch : 15, Train_loss : 0.02785446308553219, Mean_ioU: 0.4682226974492033
2023-01-14 19:35:26,844 [trainer.py:193] INFO: Epoch : 16, Train_loss : 0.02716691605746746, Mean_ioU: 0.4817244136298369
2023-01-14 19:36:39,466 [trainer.py:193] INFO: Epoch : 17, Train_loss : 0.026959078386425972, Mean_ioU: 0.48525332164700263
2023-01-14 19:37:52,111 [trainer.py:193] INFO: Epoch : 18, Train_loss : 0.02556697465479374, Mean_ioU: 0.4936616224310824
2023-01-14 19:39:05,178 [trainer.py:193] INFO: Epoch : 19, Train_loss : 0.0257846899330616, Mean_ioU: 0.499098061057869
2023-01-14 19:40:18,366 [trainer.py:193] INFO: Epoch : 20, Train_loss : 0.024669000878930092, Mean_ioU: 0.5044107554014345
2023-01-14 19:40:37,712 [trainer.py:225] INFO: Validation: Loss : 0.02127080410718918, mIoU : 0.5232352013803937
2023-01-14 19:40:37,950 [utils.py:24] INFO: Saving ./checkpoint/ckpt_0.021271 ckp 
2023-01-14 19:41:50,625 [trainer.py:193] INFO: Epoch : 21, Train_loss : 0.024421708658337593, Mean_ioU: 0.5123788414686701
2023-01-14 19:43:02,903 [trainer.py:193] INFO: Epoch : 22, Train_loss : 0.024134134873747826, Mean_ioU: 0.5188159633150646
2023-01-14 19:44:15,498 [trainer.py:193] INFO: Epoch : 23, Train_loss : 0.02379814349114895, Mean_ioU: 0.5228302023466762
2023-01-14 19:45:27,451 [trainer.py:193] INFO: Epoch : 24, Train_loss : 0.022954251617193222, Mean_ioU: 0.5295684007366822
2023-01-14 19:46:39,702 [trainer.py:193] INFO: Epoch : 25, Train_loss : 0.022640783339738846, Mean_ioU: 0.5357639821363898
2023-01-14 19:47:52,485 [trainer.py:193] INFO: Epoch : 26, Train_loss : 0.022731510922312737, Mean_ioU: 0.5372283663302896
2023-01-14 19:49:06,225 [trainer.py:193] INFO: Epoch : 27, Train_loss : 0.022663921117782593, Mean_ioU: 0.5389896082328514
2023-01-14 19:50:19,818 [trainer.py:193] INFO: Epoch : 28, Train_loss : 0.021937338635325432, Mean_ioU: 0.5486288033743497
2023-01-14 19:51:33,158 [trainer.py:193] INFO: Epoch : 29, Train_loss : 0.02197423204779625, Mean_ioU: 0.5533539525686758
2023-01-14 19:52:48,147 [trainer.py:193] INFO: Epoch : 30, Train_loss : 0.021931977942585945, Mean_ioU: 0.5530111781016027
2023-01-14 19:53:08,386 [trainer.py:225] INFO: Validation: Loss : 0.01862129010260105, mIoU : 0.5691359245248313
2023-01-14 19:53:08,608 [utils.py:24] INFO: Saving ./checkpoint/ckpt_0.018621 ckp 
2023-01-14 19:54:27,509 [trainer.py:193] INFO: Epoch : 31, Train_loss : 0.021999802440404892, Mean_ioU: 0.556038936464444
2023-01-14 19:55:46,935 [trainer.py:193] INFO: Epoch : 32, Train_loss : 0.02148391492664814, Mean_ioU: 0.5606843460769918
2023-01-14 19:57:05,806 [trainer.py:193] INFO: Epoch : 33, Train_loss : 0.02112567611038685, Mean_ioU: 0.5649447876818513
2023-01-14 19:58:24,419 [trainer.py:193] INFO: Epoch : 34, Train_loss : 0.020937159657478333, Mean_ioU: 0.5704326114797652
2023-01-14 19:59:41,486 [trainer.py:193] INFO: Epoch : 35, Train_loss : 0.020581217482686043, Mean_ioU: 0.5736144187930954
2023-01-14 20:00:59,277 [trainer.py:193] INFO: Epoch : 36, Train_loss : 0.02049771323800087, Mean_ioU: 0.5743542693782857
2023-01-14 20:02:15,242 [trainer.py:193] INFO: Epoch : 37, Train_loss : 0.020292669534683228, Mean_ioU: 0.5780315686388329
2023-01-14 20:03:29,382 [trainer.py:193] INFO: Epoch : 38, Train_loss : 0.020368779078125954, Mean_ioU: 0.580273265003573
2023-01-14 20:04:43,864 [trainer.py:193] INFO: Epoch : 39, Train_loss : 0.019277917221188545, Mean_ioU: 0.5848822095580557
2023-01-14 20:05:59,195 [trainer.py:193] INFO: Epoch : 40, Train_loss : 0.019829031080007553, Mean_ioU: 0.5855159292739957
2023-01-14 20:06:19,791 [trainer.py:225] INFO: Validation: Loss : 0.016429482027888298, mIoU : 0.6204430812866238
2023-01-14 20:06:20,085 [utils.py:24] INFO: Saving ./checkpoint/ckpt_0.016429 ckp 
2023-01-14 20:06:20,260 [utils.py:30] INFO: Delete ./checkpoint/ckpt_0.021271.pth ckp
