2023-01-10 13:31:37,951 [train.py:59] INFO: learning rate : 0.0005
2023-01-10 13:31:37,951 [train.py:60] INFO: batch size : 160
2023-01-10 13:31:37,951 [train.py:61] INFO: num epoch : 200
2023-01-10 13:31:37,951 [train.py:62] INFO: trainflow: 10
2023-01-10 13:31:37,955 [train.py:104] INFO: ==========Start training=========
2023-01-10 13:31:39,146 [utils.py:36] INFO: ==> load checkpoint from checkpoint/ckpt_latest.pth
2023-01-10 13:37:01,307 [trainer.py:124] INFO: Epoch : 1, Train_loss : 0.021507126488402147, Mean_ioU: 0.4783247296778961
2023-01-10 13:42:21,465 [trainer.py:124] INFO: Epoch : 2, Train_loss : 0.010432907150613294, Mean_ioU: 0.5918506429026966
2023-01-10 13:47:41,714 [trainer.py:124] INFO: Epoch : 3, Train_loss : 0.008025904050729367, Mean_ioU: 0.6347554510296878
2023-01-10 13:53:01,461 [trainer.py:124] INFO: Epoch : 4, Train_loss : 0.007320587045551668, Mean_ioU: 0.6482922787588725
2023-01-10 13:58:21,045 [trainer.py:124] INFO: Epoch : 5, Train_loss : 0.007036325737764889, Mean_ioU: 0.6533096320427572
2023-01-10 14:03:41,229 [trainer.py:124] INFO: Epoch : 6, Train_loss : 0.007060616031769269, Mean_ioU: 0.6533590583306128
2023-01-10 14:09:01,241 [trainer.py:124] INFO: Epoch : 7, Train_loss : 0.007100190766266276, Mean_ioU: 0.6512756143664449
2023-01-10 14:14:21,216 [trainer.py:124] INFO: Epoch : 8, Train_loss : 0.007126059375953106, Mean_ioU: 0.6501143764509609
2023-01-10 14:19:40,292 [trainer.py:124] INFO: Epoch : 9, Train_loss : 0.0067690971202651945, Mean_ioU: 0.6583219843733378
2023-01-10 14:24:58,796 [trainer.py:124] INFO: Epoch : 10, Train_loss : 0.0064151965192759414, Mean_ioU: 0.6663294776924197
2023-01-10 14:25:42,206 [trainer.py:152] INFO: Validation: Loss : 0.010742039465699578, mIoU : 0.6172639903657366
2023-01-10 14:31:03,183 [trainer.py:124] INFO: Epoch : 11, Train_loss : 0.006238599562030261, Mean_ioU: 0.6716379562912057
2023-01-10 14:36:23,236 [trainer.py:124] INFO: Epoch : 12, Train_loss : 0.006430060969526964, Mean_ioU: 0.6682261867605453
2023-01-10 14:41:43,930 [trainer.py:124] INFO: Epoch : 13, Train_loss : 0.006702028857278105, Mean_ioU: 0.6631500065856712
2023-01-10 14:47:03,492 [trainer.py:124] INFO: Epoch : 14, Train_loss : 0.006727982979017789, Mean_ioU: 0.6602191878923785
2023-01-10 14:52:23,939 [trainer.py:124] INFO: Epoch : 15, Train_loss : 0.006331795346808399, Mean_ioU: 0.6699951678868645
2023-01-10 14:57:43,397 [trainer.py:124] INFO: Epoch : 16, Train_loss : 0.006045491678227222, Mean_ioU: 0.6756462703131064
2023-01-10 15:03:03,381 [trainer.py:124] INFO: Epoch : 17, Train_loss : 0.005981270535705414, Mean_ioU: 0.6773385627772947
2023-01-10 15:08:23,126 [trainer.py:124] INFO: Epoch : 18, Train_loss : 0.006096348870418165, Mean_ioU: 0.6746426328090155
2023-01-10 15:13:43,591 [trainer.py:124] INFO: Epoch : 19, Train_loss : 0.006124275981491068, Mean_ioU: 0.6776831121817822
2023-01-10 15:19:03,492 [trainer.py:124] INFO: Epoch : 20, Train_loss : 0.006119624361097795, Mean_ioU: 0.6795494464795024
2023-01-10 15:19:45,785 [trainer.py:152] INFO: Validation: Loss : 0.010712244917648885, mIoU : 0.6201432939583662
2023-01-10 15:19:45,977 [utils.py:24] INFO: Saving ./checkpoint/ckpt_0.010712 ckp 
2023-01-10 15:25:07,003 [trainer.py:124] INFO: Epoch : 21, Train_loss : 0.006088906718796279, Mean_ioU: 0.6808515784945144
2023-01-10 15:30:26,049 [trainer.py:124] INFO: Epoch : 22, Train_loss : 0.0061897866713556855, Mean_ioU: 0.677525474001044
2023-01-10 15:35:46,107 [trainer.py:124] INFO: Epoch : 23, Train_loss : 0.006281512806617863, Mean_ioU: 0.6763420874589395
2023-01-10 15:41:06,724 [trainer.py:124] INFO: Epoch : 24, Train_loss : 0.006213389585408588, Mean_ioU: 0.6763605771440395
2023-01-10 15:46:25,478 [trainer.py:124] INFO: Epoch : 25, Train_loss : 0.005919997610378341, Mean_ioU: 0.6814939580413435
2023-01-10 15:51:43,059 [trainer.py:124] INFO: Epoch : 26, Train_loss : 0.005850732149518816, Mean_ioU: 0.6833965541493628
2023-01-10 15:57:03,232 [trainer.py:124] INFO: Epoch : 27, Train_loss : 0.005774014454281311, Mean_ioU: 0.6855905173906305
2023-01-10 16:02:22,524 [trainer.py:124] INFO: Epoch : 28, Train_loss : 0.005636939327062915, Mean_ioU: 0.6884115005302878
2023-01-10 16:07:42,335 [trainer.py:124] INFO: Epoch : 29, Train_loss : 0.005445109362892092, Mean_ioU: 0.6925371624930752
2023-01-10 16:13:02,107 [trainer.py:124] INFO: Epoch : 30, Train_loss : 0.005384592417513203, Mean_ioU: 0.694815495521271
2023-01-10 16:13:44,588 [trainer.py:152] INFO: Validation: Loss : 0.010963089959838994, mIoU : 0.6304023744667961
2023-01-10 16:19:06,788 [trainer.py:124] INFO: Epoch : 31, Train_loss : 0.0053185717073557515, Mean_ioU: 0.6983987502143651
2023-01-10 16:24:26,609 [trainer.py:124] INFO: Epoch : 32, Train_loss : 0.005182767682015207, Mean_ioU: 0.7030357967078572
2023-01-10 16:29:46,599 [trainer.py:124] INFO: Epoch : 33, Train_loss : 0.00514922553713756, Mean_ioU: 0.7052895107408846
2023-01-10 16:35:05,468 [trainer.py:124] INFO: Epoch : 34, Train_loss : 0.005244060042641076, Mean_ioU: 0.7030447911974383
2023-01-10 16:40:25,579 [trainer.py:124] INFO: Epoch : 35, Train_loss : 0.005311079035043004, Mean_ioU: 0.7017173909836988
2023-01-10 16:45:48,183 [trainer.py:124] INFO: Epoch : 36, Train_loss : 0.0052530802696250465, Mean_ioU: 0.7025027574148089
2023-01-10 16:51:09,982 [trainer.py:124] INFO: Epoch : 37, Train_loss : 0.005049249841693492, Mean_ioU: 0.706693113243953
2023-01-10 16:56:31,443 [trainer.py:124] INFO: Epoch : 38, Train_loss : 0.0049407670083749305, Mean_ioU: 0.7098116163030357
2023-01-10 17:01:52,251 [trainer.py:124] INFO: Epoch : 39, Train_loss : 0.0049604508648827894, Mean_ioU: 0.7083277718149156
2023-01-10 17:07:13,320 [trainer.py:124] INFO: Epoch : 40, Train_loss : 0.004979052982560315, Mean_ioU: 0.7065721137149467
2023-01-10 17:07:56,174 [trainer.py:152] INFO: Validation: Loss : 0.011790544500517995, mIoU : 0.6343148771854152
2023-01-10 17:13:21,146 [trainer.py:124] INFO: Epoch : 41, Train_loss : 0.004919598021327863, Mean_ioU: 0.7095140926599297
2023-01-10 17:18:43,561 [trainer.py:124] INFO: Epoch : 42, Train_loss : 0.004825914379722166, Mean_ioU: 0.7139562809125308
2023-01-10 17:24:06,325 [trainer.py:124] INFO: Epoch : 43, Train_loss : 0.004794756421099383, Mean_ioU: 0.7159905801440771
2023-01-10 17:29:31,645 [trainer.py:124] INFO: Epoch : 44, Train_loss : 0.004770061160121112, Mean_ioU: 0.7170457159434616
2023-01-10 17:35:01,041 [trainer.py:124] INFO: Epoch : 45, Train_loss : 0.004803689057021815, Mean_ioU: 0.7172177061898682
2023-01-10 17:40:27,151 [trainer.py:124] INFO: Epoch : 46, Train_loss : 0.0048481831301829086, Mean_ioU: 0.7167514722225721
2023-01-10 17:45:49,856 [trainer.py:124] INFO: Epoch : 47, Train_loss : 0.00481391223907556, Mean_ioU: 0.7178788896099626
2023-01-10 17:51:11,021 [trainer.py:124] INFO: Epoch : 48, Train_loss : 0.004750590779270566, Mean_ioU: 0.7200933863490969
2023-01-10 17:56:32,509 [trainer.py:124] INFO: Epoch : 49, Train_loss : 0.004726576473995902, Mean_ioU: 0.7209356036034248
2023-01-10 18:01:54,836 [trainer.py:124] INFO: Epoch : 50, Train_loss : 0.00463355205212662, Mean_ioU: 0.7230800353235965
2023-01-10 18:02:37,546 [trainer.py:152] INFO: Validation: Loss : 0.011952142901593427, mIoU : 0.6339363651315301
2023-01-10 18:07:58,774 [trainer.py:124] INFO: Epoch : 51, Train_loss : 0.004534824576197853, Mean_ioU: 0.7267317011223944
2023-01-10 18:13:20,848 [trainer.py:124] INFO: Epoch : 52, Train_loss : 0.004465858348915229, Mean_ioU: 0.7283612602171257
2023-01-10 18:18:42,867 [trainer.py:124] INFO: Epoch : 53, Train_loss : 0.0043927618016748275, Mean_ioU: 0.7310012719466551
2023-01-10 18:24:04,897 [trainer.py:124] INFO: Epoch : 54, Train_loss : 0.004376920034399233, Mean_ioU: 0.7319883762177418
2023-01-10 18:29:27,355 [trainer.py:124] INFO: Epoch : 55, Train_loss : 0.004397399175835226, Mean_ioU: 0.7322189531753471
2023-01-10 18:34:48,263 [trainer.py:124] INFO: Epoch : 56, Train_loss : 0.004398085792902185, Mean_ioU: 0.7320957647440037
2023-01-10 18:40:12,876 [trainer.py:124] INFO: Epoch : 57, Train_loss : 0.004403875309910958, Mean_ioU: 0.7326048613250252
2023-01-10 18:45:42,609 [trainer.py:124] INFO: Epoch : 58, Train_loss : 0.004338264326961897, Mean_ioU: 0.7348941813733058
2023-01-10 18:51:10,660 [trainer.py:124] INFO: Epoch : 59, Train_loss : 0.004281069967682068, Mean_ioU: 0.7361307427600902
2023-01-10 18:56:38,252 [trainer.py:124] INFO: Epoch : 60, Train_loss : 0.004235391468784337, Mean_ioU: 0.7380621214344153
2023-01-10 18:57:21,440 [trainer.py:152] INFO: Validation: Loss : 0.01218487427083584, mIoU : 0.6421972983484396
2023-01-10 19:02:43,768 [trainer.py:124] INFO: Epoch : 61, Train_loss : 0.004189872586848105, Mean_ioU: 0.7396326336416759
2023-01-10 19:08:06,952 [trainer.py:124] INFO: Epoch : 62, Train_loss : 0.004147710639444877, Mean_ioU: 0.7408844376010713
2023-01-10 19:13:28,429 [trainer.py:124] INFO: Epoch : 63, Train_loss : 0.004136584094022992, Mean_ioU: 0.7415876514094858
2023-01-10 19:18:51,300 [trainer.py:124] INFO: Epoch : 64, Train_loss : 0.004126493772126031, Mean_ioU: 0.7412950801957462
2023-01-10 19:24:14,043 [trainer.py:124] INFO: Epoch : 65, Train_loss : 0.0040998398808755965, Mean_ioU: 0.7420213895473567
2023-01-10 19:29:36,062 [trainer.py:124] INFO: Epoch : 66, Train_loss : 0.004062886479732645, Mean_ioU: 0.7429382417254127
2023-01-10 19:34:57,566 [trainer.py:124] INFO: Epoch : 67, Train_loss : 0.0040653624126813, Mean_ioU: 0.7430936137490469
2023-01-10 19:40:20,291 [trainer.py:124] INFO: Epoch : 68, Train_loss : 0.00404717358452599, Mean_ioU: 0.7431486900375295
2023-01-10 19:45:42,808 [trainer.py:124] INFO: Epoch : 69, Train_loss : 0.004014552801567042, Mean_ioU: 0.7443426280257468
2023-01-10 19:51:09,215 [trainer.py:124] INFO: Epoch : 70, Train_loss : 0.0039836783483592165, Mean_ioU: 0.7450491257444855
2023-01-10 19:51:52,373 [trainer.py:152] INFO: Validation: Loss : 0.012402267988029032, mIoU : 0.6429393711125397
2023-01-10 19:57:15,172 [trainer.py:124] INFO: Epoch : 71, Train_loss : 0.003982807096080273, Mean_ioU: 0.7449280629216383
2023-01-10 20:02:40,759 [trainer.py:124] INFO: Epoch : 72, Train_loss : 0.003951892769669211, Mean_ioU: 0.7463978518265788
2023-01-10 20:08:05,560 [trainer.py:124] INFO: Epoch : 73, Train_loss : 0.003892119684272182, Mean_ioU: 0.7492801939725914
2023-01-10 20:13:38,009 [trainer.py:124] INFO: Epoch : 74, Train_loss : 0.0038570275948970494, Mean_ioU: 0.7508657530892916
