2023-01-09 17:47:31,470 [train.py:59] INFO: learning rate : 0.0005
2023-01-09 17:47:31,471 [train.py:60] INFO: batch size : 160
2023-01-09 17:47:31,471 [train.py:61] INFO: num epoch : 75
2023-01-09 17:47:31,471 [train.py:62] INFO: trainflow: 3
2023-01-09 17:47:31,474 [train.py:104] INFO: ==========Start training=========
2023-01-09 17:47:32,628 [utils.py:36] INFO: ==> load checkpoint from checkpoint/ckpt_latest.pth
2023-01-09 17:52:54,511 [trainer.py:124] INFO: Epoch : 1, Train_loss : 0.07024382301681115, Mean_ioU: 0.2823611603618972
2023-01-09 17:58:14,555 [trainer.py:124] INFO: Epoch : 2, Train_loss : 0.026958908568960414, Mean_ioU: 0.39949310745036154
2023-01-09 18:03:33,348 [trainer.py:124] INFO: Epoch : 3, Train_loss : 0.022143673536950445, Mean_ioU: 0.4490054032481407
2023-01-09 18:04:15,134 [trainer.py:152] INFO: mIoU : 0.46536045427801115, Loss : 0.021197242111053113
2023-01-09 18:09:35,314 [trainer.py:124] INFO: Epoch : 4, Train_loss : 0.020088731726777866, Mean_ioU: 0.46899870252026665
2023-01-09 18:14:54,032 [trainer.py:124] INFO: Epoch : 5, Train_loss : 0.018130233769092174, Mean_ioU: 0.48743712832867975
2023-01-09 18:20:13,492 [trainer.py:124] INFO: Epoch : 6, Train_loss : 0.016599241784970655, Mean_ioU: 0.5051977476209748
2023-01-09 18:20:55,159 [trainer.py:152] INFO: mIoU : 0.5129985818572624, Loss : 0.016750495992367137
2023-01-09 18:20:55,395 [utils.py:24] INFO: Saving ./checkpoint/ckpt_0.01675 ckp 
2023-01-09 18:26:15,393 [trainer.py:124] INFO: Epoch : 7, Train_loss : 0.015551326403325632, Mean_ioU: 0.5182516350079271
2023-01-09 18:31:35,291 [trainer.py:124] INFO: Epoch : 8, Train_loss : 0.01488173494113391, Mean_ioU: 0.5275457008396467
2023-01-09 18:36:52,965 [trainer.py:124] INFO: Epoch : 9, Train_loss : 0.0142416908378483, Mean_ioU: 0.5367932226505683
2023-01-09 18:37:35,135 [trainer.py:152] INFO: mIoU : 0.5369962396189588, Loss : 0.014986087221390412
2023-01-09 18:37:35,382 [utils.py:24] INFO: Saving ./checkpoint/ckpt_0.014986 ckp 
2023-01-09 18:42:55,241 [trainer.py:124] INFO: Epoch : 10, Train_loss : 0.013803078220652585, Mean_ioU: 0.5430938832416217
2023-01-09 18:48:14,249 [trainer.py:124] INFO: Epoch : 11, Train_loss : 0.013809628410304538, Mean_ioU: 0.5445258644056271
2023-01-09 18:53:33,683 [trainer.py:124] INFO: Epoch : 12, Train_loss : 0.013236044284687415, Mean_ioU: 0.5519369288669966
2023-01-09 18:54:15,546 [trainer.py:152] INFO: mIoU : 0.5495730940601796, Loss : 0.01411315285782414
2023-01-09 18:54:15,799 [utils.py:24] INFO: Saving ./checkpoint/ckpt_0.014113 ckp 
2023-01-09 18:54:15,966 [utils.py:30] INFO: Delete ./checkpoint/ckpt_0.01675.pth ckp
2023-01-09 18:59:34,913 [trainer.py:124] INFO: Epoch : 13, Train_loss : 0.01279149535269873, Mean_ioU: 0.5585383436712835
2023-01-09 19:04:54,392 [trainer.py:124] INFO: Epoch : 14, Train_loss : 0.012545664802261087, Mean_ioU: 0.5619625360214592
2023-01-09 19:10:13,623 [trainer.py:124] INFO: Epoch : 15, Train_loss : 0.012177120328099119, Mean_ioU: 0.5667260942010883
2023-01-09 19:10:55,723 [trainer.py:152] INFO: mIoU : 0.5474996205108441, Loss : 0.01369755523782694
2023-01-09 19:10:55,957 [utils.py:24] INFO: Saving ./checkpoint/ckpt_0.013698 ckp 
2023-01-09 19:10:56,125 [utils.py:30] INFO: Delete ./checkpoint/ckpt_0.014986.pth ckp
2023-01-09 19:16:14,979 [trainer.py:124] INFO: Epoch : 16, Train_loss : 0.011891546706023992, Mean_ioU: 0.5709770489214753
2023-01-09 19:21:32,848 [trainer.py:124] INFO: Epoch : 17, Train_loss : 0.011707159339123531, Mean_ioU: 0.5735680987064647
2023-01-09 19:26:52,023 [trainer.py:124] INFO: Epoch : 18, Train_loss : 0.011553967556853091, Mean_ioU: 0.5749588015297716
2023-01-09 19:27:33,444 [trainer.py:152] INFO: mIoU : 0.5626835983742686, Loss : 0.013019844442720157
2023-01-09 19:27:33,672 [utils.py:24] INFO: Saving ./checkpoint/ckpt_0.01302 ckp 
2023-01-09 19:27:33,843 [utils.py:30] INFO: Delete ./checkpoint/ckpt_0.014113.pth ckp
2023-01-09 19:32:53,729 [trainer.py:124] INFO: Epoch : 19, Train_loss : 0.01127332879070849, Mean_ioU: 0.5774916360980784
2023-01-09 19:38:11,980 [trainer.py:124] INFO: Epoch : 20, Train_loss : 0.011357812106024509, Mean_ioU: 0.577172024874196
2023-01-09 19:43:32,181 [trainer.py:124] INFO: Epoch : 21, Train_loss : 0.011185005469305231, Mean_ioU: 0.5790330495667785
2023-01-09 19:44:14,283 [trainer.py:152] INFO: mIoU : 0.5623330585693251, Loss : 0.012925299703132609
2023-01-09 19:44:14,520 [utils.py:24] INFO: Saving ./checkpoint/ckpt_0.012925 ckp 
2023-01-09 19:44:14,690 [utils.py:30] INFO: Delete ./checkpoint/ckpt_0.013698.pth ckp
2023-01-09 19:49:33,317 [trainer.py:124] INFO: Epoch : 22, Train_loss : 0.010925422570286333, Mean_ioU: 0.5832251630757495
2023-01-09 19:54:51,475 [trainer.py:124] INFO: Epoch : 23, Train_loss : 0.010989979700320408, Mean_ioU: 0.5830138683879456
2023-01-09 20:00:09,913 [trainer.py:124] INFO: Epoch : 24, Train_loss : 0.010833349738789324, Mean_ioU: 0.5845316283092057
2023-01-09 20:00:52,127 [trainer.py:152] INFO: mIoU : 0.5697584441045406, Loss : 0.012272882949405118
2023-01-09 20:00:52,356 [utils.py:24] INFO: Saving ./checkpoint/ckpt_0.012273 ckp 
2023-01-09 20:00:52,524 [utils.py:30] INFO: Delete ./checkpoint/ckpt_0.01302.pth ckp
2023-01-09 20:06:12,464 [trainer.py:124] INFO: Epoch : 25, Train_loss : 0.01046007789755865, Mean_ioU: 0.5893370676213978
2023-01-09 20:11:31,023 [trainer.py:124] INFO: Epoch : 26, Train_loss : 0.010265875662538492, Mean_ioU: 0.5920932300615109
2023-01-09 20:16:50,756 [trainer.py:124] INFO: Epoch : 27, Train_loss : 0.010158139668145315, Mean_ioU: 0.5934866649971903
2023-01-09 20:17:32,885 [trainer.py:152] INFO: mIoU : 0.572446591190028, Loss : 0.012290045913912622
2023-01-09 20:22:53,397 [trainer.py:124] INFO: Epoch : 28, Train_loss : 0.010129532642083487, Mean_ioU: 0.5940100922663094
2023-01-09 20:28:13,163 [trainer.py:124] INFO: Epoch : 29, Train_loss : 0.010140188292746474, Mean_ioU: 0.5943104765149867
2023-01-09 20:33:32,497 [trainer.py:124] INFO: Epoch : 30, Train_loss : 0.010332936959415876, Mean_ioU: 0.5925252563519784
2023-01-09 20:34:14,514 [trainer.py:152] INFO: mIoU : 0.5708268732403974, Loss : 0.01289125675208083
2023-01-09 20:39:32,907 [trainer.py:124] INFO: Epoch : 31, Train_loss : 0.01030988700504557, Mean_ioU: 0.5930508855729182
2023-01-09 20:44:52,229 [trainer.py:124] INFO: Epoch : 32, Train_loss : 0.01005840587452828, Mean_ioU: 0.5967361382050297
2023-01-09 20:50:11,091 [trainer.py:124] INFO: Epoch : 33, Train_loss : 0.009734429143029967, Mean_ioU: 0.6003958198373376
2023-01-09 20:50:53,011 [trainer.py:152] INFO: mIoU : 0.5762310414373244, Loss : 0.012029337393361341
2023-01-09 20:50:53,248 [utils.py:24] INFO: Saving ./checkpoint/ckpt_0.012029 ckp 
2023-01-09 20:50:53,418 [utils.py:30] INFO: Delete ./checkpoint/ckpt_0.012925.pth ckp
2023-01-09 20:56:13,788 [trainer.py:124] INFO: Epoch : 34, Train_loss : 0.009505069564485786, Mean_ioU: 0.6033667657675452
2023-01-09 21:01:33,297 [trainer.py:124] INFO: Epoch : 35, Train_loss : 0.009418212699164341, Mean_ioU: 0.6047498310429633
2023-01-09 21:06:52,690 [trainer.py:124] INFO: Epoch : 36, Train_loss : 0.009429072837070977, Mean_ioU: 0.6040908587597855
2023-01-09 21:07:34,542 [trainer.py:152] INFO: mIoU : 0.5774532284904903, Loss : 0.012141739819791593
2023-01-09 21:12:54,000 [trainer.py:124] INFO: Epoch : 37, Train_loss : 0.009268111581489486, Mean_ioU: 0.6071441975792952
2023-01-09 21:18:13,937 [trainer.py:124] INFO: Epoch : 38, Train_loss : 0.009264202884098452, Mean_ioU: 0.6072878864853881
2023-01-09 21:23:32,482 [trainer.py:124] INFO: Epoch : 39, Train_loss : 0.00921607771138027, Mean_ioU: 0.607904088729131
2023-01-09 21:24:14,517 [trainer.py:152] INFO: mIoU : 0.5754680483152897, Loss : 0.012297174611332834
2023-01-09 21:29:34,313 [trainer.py:124] INFO: Epoch : 40, Train_loss : 0.009289436277406745, Mean_ioU: 0.6069698919702804
2023-01-09 21:34:53,251 [trainer.py:124] INFO: Epoch : 41, Train_loss : 0.009175250744196138, Mean_ioU: 0.6078764238683915
2023-01-09 21:40:12,241 [trainer.py:124] INFO: Epoch : 42, Train_loss : 0.009191933270929601, Mean_ioU: 0.6086402000697462
2023-01-09 21:40:54,036 [trainer.py:152] INFO: mIoU : 0.5823097804744579, Loss : 0.011588120110586065
2023-01-09 21:40:54,277 [utils.py:24] INFO: Saving ./checkpoint/ckpt_0.011588 ckp 
2023-01-09 21:40:54,444 [utils.py:30] INFO: Delete ./checkpoint/ckpt_0.012273.pth ckp
2023-01-09 21:46:14,178 [trainer.py:124] INFO: Epoch : 43, Train_loss : 0.009266162888036744, Mean_ioU: 0.607680477981858
2023-01-09 21:51:32,939 [trainer.py:124] INFO: Epoch : 44, Train_loss : 0.009346700687481497, Mean_ioU: 0.6069258844850427
2023-01-09 21:56:53,078 [trainer.py:124] INFO: Epoch : 45, Train_loss : 0.009327030777427539, Mean_ioU: 0.6073516589922113
2023-01-09 21:57:35,114 [trainer.py:152] INFO: mIoU : 0.580788621010605, Loss : 0.011718479323431848
2023-01-09 22:02:53,099 [trainer.py:124] INFO: Epoch : 46, Train_loss : 0.009119376505538951, Mean_ioU: 0.6094866113840164
2023-01-09 22:08:11,455 [trainer.py:124] INFO: Epoch : 47, Train_loss : 0.008935888537282735, Mean_ioU: 0.6115236130408888
2023-01-09 22:13:28,721 [trainer.py:124] INFO: Epoch : 48, Train_loss : 0.008742073999351532, Mean_ioU: 0.6146156129698143
2023-01-09 22:14:11,001 [trainer.py:152] INFO: mIoU : 0.5863519912835242, Loss : 0.01149852765320805
2023-01-09 22:14:11,234 [utils.py:24] INFO: Saving ./checkpoint/ckpt_0.011499 ckp 
2023-01-09 22:14:11,405 [utils.py:30] INFO: Delete ./checkpoint/ckpt_0.012029.pth ckp
2023-01-09 22:19:31,088 [trainer.py:124] INFO: Epoch : 49, Train_loss : 0.008718479462133093, Mean_ioU: 0.6150659988471381
2023-01-09 22:24:50,320 [trainer.py:124] INFO: Epoch : 50, Train_loss : 0.008672056499043462, Mean_ioU: 0.6164543148904007
2023-01-09 22:30:10,545 [trainer.py:124] INFO: Epoch : 51, Train_loss : 0.008648869603442756, Mean_ioU: 0.6164220658085822
2023-01-09 22:30:51,757 [trainer.py:152] INFO: mIoU : 0.5812022444596823, Loss : 0.01146097069568662
2023-01-09 22:30:51,993 [utils.py:24] INFO: Saving ./checkpoint/ckpt_0.011461 ckp 
2023-01-09 22:30:52,162 [utils.py:30] INFO: Delete ./checkpoint/ckpt_0.011588.pth ckp
2023-01-09 22:36:12,596 [trainer.py:124] INFO: Epoch : 52, Train_loss : 0.008671239571456463, Mean_ioU: 0.6153085915422225
2023-01-09 22:41:32,801 [trainer.py:124] INFO: Epoch : 53, Train_loss : 0.008534178398515023, Mean_ioU: 0.617334844123268
2023-01-09 22:46:50,917 [trainer.py:124] INFO: Epoch : 54, Train_loss : 0.008526114862883816, Mean_ioU: 0.6180045788815294
2023-01-09 22:47:32,813 [trainer.py:152] INFO: mIoU : 0.5903157359481301, Loss : 0.011284830463787936
2023-01-09 22:47:33,048 [utils.py:24] INFO: Saving ./checkpoint/ckpt_0.011285 ckp 
2023-01-09 22:47:33,216 [utils.py:30] INFO: Delete ./checkpoint/ckpt_0.011499.pth ckp
2023-01-09 22:52:53,001 [trainer.py:124] INFO: Epoch : 55, Train_loss : 0.008463229526748875, Mean_ioU: 0.6194485876989375
2023-01-09 22:58:11,779 [trainer.py:124] INFO: Epoch : 56, Train_loss : 0.008472075418982716, Mean_ioU: 0.6199318043320466
2023-01-09 23:03:31,253 [trainer.py:124] INFO: Epoch : 57, Train_loss : 0.008527048189539982, Mean_ioU: 0.6195982505640686
2023-01-09 23:04:13,134 [trainer.py:152] INFO: mIoU : 0.5884598155372951, Loss : 0.012150334558757027
2023-01-09 23:09:31,843 [trainer.py:124] INFO: Epoch : 58, Train_loss : 0.0085692493951692, Mean_ioU: 0.6191515747571835
2023-01-09 23:14:51,326 [trainer.py:124] INFO: Epoch : 59, Train_loss : 0.008604114703254373, Mean_ioU: 0.6186440285649714
2023-01-09 23:20:11,556 [trainer.py:124] INFO: Epoch : 60, Train_loss : 0.008458582660726242, Mean_ioU: 0.6205083225907795
2023-01-09 23:20:53,623 [trainer.py:152] INFO: mIoU : 0.5907411610784319, Loss : 0.011225477562456215
2023-01-09 23:20:53,860 [utils.py:24] INFO: Saving ./checkpoint/ckpt_0.011225 ckp 
2023-01-09 23:20:54,028 [utils.py:30] INFO: Delete ./checkpoint/ckpt_0.011461.pth ckp
2023-01-09 23:26:13,167 [trainer.py:124] INFO: Epoch : 61, Train_loss : 0.008315126221623564, Mean_ioU: 0.6217258854972094
2023-01-09 23:31:32,662 [trainer.py:124] INFO: Epoch : 62, Train_loss : 0.008202248277883498, Mean_ioU: 0.6234654222917047
2023-01-09 23:36:52,889 [trainer.py:124] INFO: Epoch : 63, Train_loss : 0.00816088614845526, Mean_ioU: 0.6241971886180958
2023-01-09 23:37:34,805 [trainer.py:152] INFO: mIoU : 0.5901592750391799, Loss : 0.011580440124855828
2023-01-09 23:42:53,473 [trainer.py:124] INFO: Epoch : 64, Train_loss : 0.008132643480414347, Mean_ioU: 0.6243454773232403
2023-01-09 23:48:12,093 [trainer.py:124] INFO: Epoch : 65, Train_loss : 0.008077893603994196, Mean_ioU: 0.6257550441024922
2023-01-09 23:53:31,944 [trainer.py:124] INFO: Epoch : 66, Train_loss : 0.007985988536131628, Mean_ioU: 0.6276657571797191
2023-01-09 23:54:14,011 [trainer.py:152] INFO: mIoU : 0.5955493918651233, Loss : 0.01132651089339736
2023-01-09 23:59:33,433 [trainer.py:124] INFO: Epoch : 67, Train_loss : 0.007979946332016786, Mean_ioU: 0.6282616521646398
2023-01-10 00:04:51,835 [trainer.py:124] INFO: Epoch : 68, Train_loss : 0.0079614489398567, Mean_ioU: 0.6282312148408229
2023-01-10 00:10:11,233 [trainer.py:124] INFO: Epoch : 69, Train_loss : 0.007980478673683027, Mean_ioU: 0.6279541449598357
2023-01-10 00:10:53,775 [trainer.py:152] INFO: mIoU : 0.5957175360959477, Loss : 0.01124714249987294
2023-01-10 00:16:12,120 [trainer.py:124] INFO: Epoch : 70, Train_loss : 0.007954042333293623, Mean_ioU: 0.6282332649256859
2023-01-10 00:21:30,763 [trainer.py:124] INFO: Epoch : 71, Train_loss : 0.007958098800819465, Mean_ioU: 0.6279689231267089
2023-01-10 00:26:50,849 [trainer.py:124] INFO: Epoch : 72, Train_loss : 0.007954538899666106, Mean_ioU: 0.628129755578186
2023-01-10 00:27:33,081 [trainer.py:152] INFO: mIoU : 0.5908965377870914, Loss : 0.011413064101111278
2023-01-10 00:32:53,861 [trainer.py:124] INFO: Epoch : 73, Train_loss : 0.007922899855946009, Mean_ioU: 0.62801157901777
2023-01-10 00:38:14,836 [trainer.py:124] INFO: Epoch : 74, Train_loss : 0.007933265561822517, Mean_ioU: 0.6278126595873903
2023-01-10 00:43:46,971 [trainer.py:124] INFO: Epoch : 75, Train_loss : 0.007846368162745834, Mean_ioU: 0.6296285774874498
2023-01-10 00:44:29,657 [trainer.py:152] INFO: mIoU : 0.590563998296549, Loss : 0.011269731769540827
2023-01-10 00:44:29,895 [train.py:128] INFO: ==========finish train=========
2023-01-10 00:44:29,897 [train.py:171] INFO: ==========finish work=========
