2023-01-10 00:47:34,914 [train.py:59] INFO: learning rate : 0.0005
2023-01-10 00:47:34,914 [train.py:60] INFO: batch size : 160
2023-01-10 00:47:34,914 [train.py:61] INFO: num epoch : 100
2023-01-10 00:47:34,914 [train.py:62] INFO: trainflow: 10
2023-01-10 00:47:34,917 [train.py:104] INFO: ==========Start training=========
2023-01-10 00:47:36,250 [utils.py:36] INFO: ==> load checkpoint from checkpoint/ckpt_latest.pth
2023-01-10 00:53:00,256 [trainer.py:124] INFO: Epoch : 1, Train_loss : 0.03739976303176064, Mean_ioU: 0.3440113623466807
2023-01-10 00:58:24,991 [trainer.py:124] INFO: Epoch : 2, Train_loss : 0.018351044056171786, Mean_ioU: 0.47611722170893
2023-01-10 01:03:48,059 [trainer.py:124] INFO: Epoch : 3, Train_loss : 0.014828856148618345, Mean_ioU: 0.5250752403936253
2023-01-10 01:09:08,438 [trainer.py:124] INFO: Epoch : 4, Train_loss : 0.012950406286856432, Mean_ioU: 0.553422274795434
2023-01-10 01:14:28,395 [trainer.py:124] INFO: Epoch : 5, Train_loss : 0.012069854322464576, Mean_ioU: 0.5679843253070183
2023-01-10 01:19:48,319 [trainer.py:124] INFO: Epoch : 6, Train_loss : 0.0117080203764357, Mean_ioU: 0.5723781055382285
2023-01-10 01:25:06,935 [trainer.py:124] INFO: Epoch : 7, Train_loss : 0.010814059759200188, Mean_ioU: 0.5848887516774087
2023-01-10 01:30:33,288 [trainer.py:124] INFO: Epoch : 8, Train_loss : 0.010276062983718836, Mean_ioU: 0.5919999041697243
2023-01-10 01:35:54,798 [trainer.py:124] INFO: Epoch : 9, Train_loss : 0.009943482594852117, Mean_ioU: 0.59731256993558
2023-01-10 01:41:20,403 [trainer.py:124] INFO: Epoch : 10, Train_loss : 0.010525721092236007, Mean_ioU: 0.5887569251642694
2023-01-10 01:42:03,685 [trainer.py:152] INFO: Validation: Loss : 0.01214793501683149, mIoU : 0.5729209675324588
2023-01-10 01:47:26,994 [trainer.py:124] INFO: Epoch : 11, Train_loss : 0.009978354776845161, Mean_ioU: 0.5993576156136096
2023-01-10 01:52:50,487 [trainer.py:124] INFO: Epoch : 12, Train_loss : 0.00975604664742003, Mean_ioU: 0.601078222506814
2023-01-10 01:58:14,305 [trainer.py:124] INFO: Epoch : 13, Train_loss : 0.009311737091673145, Mean_ioU: 0.6074568197380448
2023-01-10 02:03:37,439 [trainer.py:124] INFO: Epoch : 14, Train_loss : 0.009468001038007257, Mean_ioU: 0.6055960885540209
2023-01-10 02:08:59,947 [trainer.py:124] INFO: Epoch : 15, Train_loss : 0.00934542962159741, Mean_ioU: 0.6070262456357707
2023-01-10 02:14:22,309 [trainer.py:124] INFO: Epoch : 16, Train_loss : 0.008930598752601136, Mean_ioU: 0.6127354231768426
2023-01-10 02:19:45,089 [trainer.py:124] INFO: Epoch : 17, Train_loss : 0.008823193215280013, Mean_ioU: 0.6156897371046072
2023-01-10 02:25:08,591 [trainer.py:124] INFO: Epoch : 18, Train_loss : 0.00866295196298422, Mean_ioU: 0.6187369351300108
2023-01-10 02:30:32,477 [trainer.py:124] INFO: Epoch : 19, Train_loss : 0.008623315447174339, Mean_ioU: 0.6189614739212722
2023-01-10 02:35:56,395 [trainer.py:124] INFO: Epoch : 20, Train_loss : 0.008481893588761226, Mean_ioU: 0.6219932837027672
2023-01-10 02:36:39,357 [trainer.py:152] INFO: Validation: Loss : 0.011190376466550297, mIoU : 0.5945756327026521
2023-01-10 02:36:39,596 [utils.py:24] INFO: Saving ./checkpoint/ckpt_0.01119 ckp 
2023-01-10 02:42:03,601 [trainer.py:124] INFO: Epoch : 21, Train_loss : 0.008338068724140545, Mean_ioU: 0.6245383194512731
2023-01-10 02:47:26,102 [trainer.py:124] INFO: Epoch : 22, Train_loss : 0.008214546611852478, Mean_ioU: 0.6269660560552459
2023-01-10 02:52:50,009 [trainer.py:124] INFO: Epoch : 23, Train_loss : 0.008342764315101477, Mean_ioU: 0.6241185556416435
2023-01-10 02:58:11,621 [trainer.py:124] INFO: Epoch : 24, Train_loss : 0.008430986842205217, Mean_ioU: 0.623550436153238
2023-01-10 03:03:35,504 [trainer.py:124] INFO: Epoch : 25, Train_loss : 0.008407525527119453, Mean_ioU: 0.6249201522267271
2023-01-10 03:08:58,801 [trainer.py:124] INFO: Epoch : 26, Train_loss : 0.008353457670619934, Mean_ioU: 0.6255462534241868
2023-01-10 03:14:21,303 [trainer.py:124] INFO: Epoch : 27, Train_loss : 0.008444565425912137, Mean_ioU: 0.625649550619031
2023-01-10 03:19:43,670 [trainer.py:124] INFO: Epoch : 28, Train_loss : 0.008132022935625816, Mean_ioU: 0.6284284437440564
2023-01-10 03:25:06,125 [trainer.py:124] INFO: Epoch : 29, Train_loss : 0.007716564086271256, Mean_ioU: 0.6359501841179346
2023-01-10 03:30:28,704 [trainer.py:124] INFO: Epoch : 30, Train_loss : 0.007604343853640944, Mean_ioU: 0.6388410863324403
2023-01-10 03:31:12,454 [trainer.py:152] INFO: Validation: Loss : 0.011111756237275864, mIoU : 0.6054160377389436
2023-01-10 03:31:12,722 [utils.py:24] INFO: Saving ./checkpoint/ckpt_0.011112 ckp 
2023-01-10 03:36:36,057 [trainer.py:124] INFO: Epoch : 31, Train_loss : 0.007639934061099077, Mean_ioU: 0.6392614586298672
2023-01-10 03:41:56,429 [trainer.py:124] INFO: Epoch : 32, Train_loss : 0.007681305641214497, Mean_ioU: 0.6395777039614435
2023-01-10 03:47:18,167 [trainer.py:124] INFO: Epoch : 33, Train_loss : 0.007711917495892104, Mean_ioU: 0.6384600353770418
2023-01-10 03:52:40,517 [trainer.py:124] INFO: Epoch : 34, Train_loss : 0.007833922259821269, Mean_ioU: 0.6364579048244839
2023-01-10 03:58:03,354 [trainer.py:124] INFO: Epoch : 35, Train_loss : 0.007828824528752202, Mean_ioU: 0.6353844257375695
2023-01-10 04:03:25,914 [trainer.py:124] INFO: Epoch : 36, Train_loss : 0.007466613945738929, Mean_ioU: 0.6414351029701978
2023-01-10 04:08:47,811 [trainer.py:124] INFO: Epoch : 37, Train_loss : 0.0073666422806801125, Mean_ioU: 0.6426081637144109
2023-01-10 04:14:10,541 [trainer.py:124] INFO: Epoch : 38, Train_loss : 0.007314644658516699, Mean_ioU: 0.6428696359785385
2023-01-10 04:19:32,441 [trainer.py:124] INFO: Epoch : 39, Train_loss : 0.007150421089128227, Mean_ioU: 0.6454842539653479
2023-01-10 04:24:55,445 [trainer.py:124] INFO: Epoch : 40, Train_loss : 0.0069805813117259415, Mean_ioU: 0.6501308354376387
2023-01-10 04:25:38,867 [trainer.py:152] INFO: Validation: Loss : 0.010892827073725499, mIoU : 0.6078360274336297
2023-01-10 04:25:39,104 [utils.py:24] INFO: Saving ./checkpoint/ckpt_0.010893 ckp 
2023-01-10 04:25:39,272 [utils.py:30] INFO: Delete ./checkpoint/ckpt_0.01119.pth ckp
2023-01-10 04:31:02,233 [trainer.py:124] INFO: Epoch : 41, Train_loss : 0.00683892834230306, Mean_ioU: 0.6540409610764226
2023-01-10 04:36:22,400 [trainer.py:124] INFO: Epoch : 42, Train_loss : 0.006826805809743669, Mean_ioU: 0.6544135788989874
2023-01-10 04:41:44,499 [trainer.py:124] INFO: Epoch : 43, Train_loss : 0.006965235946683555, Mean_ioU: 0.6533100173895151
2023-01-10 04:47:06,229 [trainer.py:124] INFO: Epoch : 44, Train_loss : 0.006966705785194262, Mean_ioU: 0.6532141043369133
2023-01-10 04:52:27,455 [trainer.py:124] INFO: Epoch : 45, Train_loss : 0.007008086508625349, Mean_ioU: 0.6532257338090965
2023-01-10 04:57:49,775 [trainer.py:124] INFO: Epoch : 46, Train_loss : 0.00698476503702947, Mean_ioU: 0.6526418582349551
2023-01-10 05:03:10,975 [trainer.py:124] INFO: Epoch : 47, Train_loss : 0.00680414615777069, Mean_ioU: 0.6549238237228973
2023-01-10 05:08:30,707 [trainer.py:124] INFO: Epoch : 48, Train_loss : 0.006562577352635302, Mean_ioU: 0.6597014936832912
2023-01-10 05:13:52,693 [trainer.py:124] INFO: Epoch : 49, Train_loss : 0.006495115768330249, Mean_ioU: 0.6612476605423988
2023-01-10 05:19:14,343 [trainer.py:124] INFO: Epoch : 50, Train_loss : 0.006434478454928234, Mean_ioU: 0.6623230079922531
2023-01-10 05:19:56,839 [trainer.py:152] INFO: Validation: Loss : 0.010805736157291017, mIoU : 0.6163585449537298
2023-01-10 05:19:57,078 [utils.py:24] INFO: Saving ./checkpoint/ckpt_0.010806 ckp 
2023-01-10 05:19:57,246 [utils.py:30] INFO: Delete ./checkpoint/ckpt_0.011112.pth ckp
2023-01-10 05:25:19,349 [trainer.py:124] INFO: Epoch : 51, Train_loss : 0.006416210957661818, Mean_ioU: 0.6631944549310355
2023-01-10 05:30:41,379 [trainer.py:124] INFO: Epoch : 52, Train_loss : 0.006380977427950962, Mean_ioU: 0.6635842388023362
2023-01-10 05:36:03,311 [trainer.py:124] INFO: Epoch : 53, Train_loss : 0.006317830445963795, Mean_ioU: 0.6642622066583314
2023-01-10 05:41:25,147 [trainer.py:124] INFO: Epoch : 54, Train_loss : 0.006323761285789585, Mean_ioU: 0.6637113455329163
2023-01-10 05:46:46,143 [trainer.py:124] INFO: Epoch : 55, Train_loss : 0.006317074140039869, Mean_ioU: 0.6640589471781501
2023-01-10 05:52:09,089 [trainer.py:124] INFO: Epoch : 56, Train_loss : 0.006258211738177567, Mean_ioU: 0.6652442892034999
2023-01-10 05:57:31,427 [trainer.py:124] INFO: Epoch : 57, Train_loss : 0.006188849682929508, Mean_ioU: 0.6680261301925661
2023-01-10 06:02:53,895 [trainer.py:124] INFO: Epoch : 58, Train_loss : 0.006131715987846165, Mean_ioU: 0.6705201781808996
2023-01-10 06:08:15,612 [trainer.py:124] INFO: Epoch : 59, Train_loss : 0.006080240643612964, Mean_ioU: 0.6725784354719667
2023-01-10 06:13:37,365 [trainer.py:124] INFO: Epoch : 60, Train_loss : 0.006042560417310491, Mean_ioU: 0.67325599582975
2023-01-10 06:14:20,071 [trainer.py:152] INFO: Validation: Loss : 0.010704613299550421, mIoU : 0.6196528623747771
2023-01-10 06:14:20,315 [utils.py:24] INFO: Saving ./checkpoint/ckpt_0.010705 ckp 
2023-01-10 06:14:20,482 [utils.py:30] INFO: Delete ./checkpoint/ckpt_0.010893.pth ckp
2023-01-10 06:19:41,764 [trainer.py:124] INFO: Epoch : 61, Train_loss : 0.006024129154170371, Mean_ioU: 0.6736802053148393
2023-01-10 06:25:02,463 [trainer.py:124] INFO: Epoch : 62, Train_loss : 0.006095737381417337, Mean_ioU: 0.6721068496972419
2023-01-10 06:30:24,849 [trainer.py:124] INFO: Epoch : 63, Train_loss : 0.006113498768665633, Mean_ioU: 0.6724720835618674
2023-01-10 06:35:47,320 [trainer.py:124] INFO: Epoch : 64, Train_loss : 0.006155057485276471, Mean_ioU: 0.6722854075870626
2023-01-10 06:41:09,931 [trainer.py:124] INFO: Epoch : 65, Train_loss : 0.006098579192126929, Mean_ioU: 0.673583585649785
2023-01-10 06:46:31,108 [trainer.py:124] INFO: Epoch : 66, Train_loss : 0.006056698566708952, Mean_ioU: 0.6748257726778681
2023-01-10 06:51:53,064 [trainer.py:124] INFO: Epoch : 67, Train_loss : 0.006018198747511231, Mean_ioU: 0.6754333655376152
2023-01-10 06:57:15,442 [trainer.py:124] INFO: Epoch : 68, Train_loss : 0.005958139392169655, Mean_ioU: 0.677013124029695
2023-01-10 07:02:37,619 [trainer.py:124] INFO: Epoch : 69, Train_loss : 0.005962380783846007, Mean_ioU: 0.6770526746732386
2023-01-10 07:07:59,437 [trainer.py:124] INFO: Epoch : 70, Train_loss : 0.005926033471489328, Mean_ioU: 0.677795304127141
2023-01-10 07:08:42,565 [trainer.py:152] INFO: Validation: Loss : 0.01084564656122551, mIoU : 0.6217119662141699
2023-01-10 07:14:03,953 [trainer.py:124] INFO: Epoch : 71, Train_loss : 0.0058891289753587785, Mean_ioU: 0.6788353097459763
2023-01-10 07:19:24,715 [trainer.py:124] INFO: Epoch : 72, Train_loss : 0.005910863510235733, Mean_ioU: 0.678902681118004
2023-01-10 07:24:46,187 [trainer.py:124] INFO: Epoch : 73, Train_loss : 0.005888616982689972, Mean_ioU: 0.6795431263974337
2023-01-10 07:30:08,574 [trainer.py:124] INFO: Epoch : 74, Train_loss : 0.005855633845640644, Mean_ioU: 0.6802471560427649
2023-01-10 07:35:31,215 [trainer.py:124] INFO: Epoch : 75, Train_loss : 0.005805653281769973, Mean_ioU: 0.6807389624210607
2023-01-10 07:40:53,749 [trainer.py:124] INFO: Epoch : 76, Train_loss : 0.005764276912742911, Mean_ioU: 0.681724010983627
2023-01-10 07:46:15,227 [trainer.py:124] INFO: Epoch : 77, Train_loss : 0.005717989016452836, Mean_ioU: 0.6827522353406064
2023-01-10 07:51:37,891 [trainer.py:124] INFO: Epoch : 78, Train_loss : 0.005674218840558024, Mean_ioU: 0.6840124332155462
2023-01-10 07:57:00,743 [trainer.py:124] INFO: Epoch : 79, Train_loss : 0.005625135314799292, Mean_ioU: 0.6849881361641775
2023-01-10 08:02:22,677 [trainer.py:124] INFO: Epoch : 80, Train_loss : 0.005557719417604511, Mean_ioU: 0.6868259123090773
2023-01-10 08:03:05,480 [trainer.py:152] INFO: Validation: Loss : 0.01094125578949626, mIoU : 0.6266315867373966
2023-01-10 08:08:29,397 [trainer.py:124] INFO: Epoch : 81, Train_loss : 0.0055218372088408005, Mean_ioU: 0.6874555562285103
2023-01-10 08:13:50,831 [trainer.py:124] INFO: Epoch : 82, Train_loss : 0.0055029068150925205, Mean_ioU: 0.6880128228273384
2023-01-10 08:19:13,655 [trainer.py:124] INFO: Epoch : 83, Train_loss : 0.005452687033855256, Mean_ioU: 0.6895150894925731
2023-01-10 08:24:34,872 [trainer.py:124] INFO: Epoch : 84, Train_loss : 0.005455293097574896, Mean_ioU: 0.6894682437358804
2023-01-10 08:29:56,292 [trainer.py:124] INFO: Epoch : 85, Train_loss : 0.0054298115041859565, Mean_ioU: 0.6898167332259575
2023-01-10 08:35:19,031 [trainer.py:124] INFO: Epoch : 86, Train_loss : 0.0054051763765408335, Mean_ioU: 0.6906957830719521
2023-01-10 08:40:41,267 [trainer.py:124] INFO: Epoch : 87, Train_loss : 0.005396384112607198, Mean_ioU: 0.6909583839271974
2023-01-10 08:46:02,876 [trainer.py:124] INFO: Epoch : 88, Train_loss : 0.005363671719223448, Mean_ioU: 0.6916307024910274
2023-01-10 08:51:25,485 [trainer.py:124] INFO: Epoch : 89, Train_loss : 0.005360375853745814, Mean_ioU: 0.6918278166122025
2023-01-10 08:56:47,045 [trainer.py:124] INFO: Epoch : 90, Train_loss : 0.005343446622545731, Mean_ioU: 0.6920994348286077
2023-01-10 08:57:30,051 [trainer.py:152] INFO: Validation: Loss : 0.011018534631065044, mIoU : 0.6284895310520955
2023-01-10 09:02:50,912 [trainer.py:124] INFO: Epoch : 91, Train_loss : 0.0053249986234233885, Mean_ioU: 0.6927658844919358
2023-01-10 09:08:12,628 [trainer.py:124] INFO: Epoch : 92, Train_loss : 0.005314704078380341, Mean_ioU: 0.693653309056571
2023-01-10 09:13:34,797 [trainer.py:124] INFO: Epoch : 93, Train_loss : 0.005317579180956694, Mean_ioU: 0.6932897908229964
2023-01-10 09:18:56,407 [trainer.py:124] INFO: Epoch : 94, Train_loss : 0.005281848271527788, Mean_ioU: 0.6939385726698852
2023-01-10 09:24:18,292 [trainer.py:124] INFO: Epoch : 95, Train_loss : 0.005303793365021776, Mean_ioU: 0.693576679612414
2023-01-10 09:29:41,171 [trainer.py:124] INFO: Epoch : 96, Train_loss : 0.005262158295545949, Mean_ioU: 0.6947802437039495
2023-01-10 09:35:04,079 [trainer.py:124] INFO: Epoch : 97, Train_loss : 0.005269518894082516, Mean_ioU: 0.6947597659941737
2023-01-10 09:40:27,121 [trainer.py:124] INFO: Epoch : 98, Train_loss : 0.0052672821690252876, Mean_ioU: 0.6948504244391976
2023-01-10 09:45:48,327 [trainer.py:124] INFO: Epoch : 99, Train_loss : 0.005248741115528571, Mean_ioU: 0.6952665708646014
2023-01-10 09:51:10,789 [trainer.py:124] INFO: Epoch : 100, Train_loss : 0.005243706608168021, Mean_ioU: 0.6952922868987684
2023-01-10 09:51:53,586 [trainer.py:152] INFO: Validation: Loss : 0.011067436803305996, mIoU : 0.6310645210138354
2023-01-10 09:51:53,792 [train.py:128] INFO: ==========finish train=========
2023-01-10 09:51:53,794 [train.py:171] INFO: ==========finish work=========
