2023-06-21 08:12:41,999 [train.py:59] INFO: learning rate : 0.001
2023-06-21 08:12:41,999 [train.py:60] INFO: batch size : 1
2023-06-21 08:12:41,999 [train.py:61] INFO: num epoch : 160
2023-06-21 08:12:41,999 [train.py:62] INFO: trainflow: 10
2023-06-21 08:12:42,003 [train.py:105] INFO: ==========Start training=========
2023-06-21 08:13:44,864 [trainer.py:175] INFO: Epoch : 1, Train_loss : 0.5873618721961975, Mean_ioU: 0.4180840463684767
2023-06-21 08:14:46,509 [trainer.py:175] INFO: Epoch : 2, Train_loss : 0.24883407354354858, Mean_ioU: 0.6426695361728013
2023-06-21 08:15:47,909 [trainer.py:175] INFO: Epoch : 3, Train_loss : 0.2041245996952057, Mean_ioU: 0.688148029780405
2023-06-21 08:16:49,789 [trainer.py:175] INFO: Epoch : 4, Train_loss : 0.18738839030265808, Mean_ioU: 0.7096485880153006
2023-06-21 08:17:51,769 [trainer.py:175] INFO: Epoch : 5, Train_loss : 0.18588046729564667, Mean_ioU: 0.7135024266532002
2023-06-21 08:18:53,383 [trainer.py:175] INFO: Epoch : 6, Train_loss : 0.1762179583311081, Mean_ioU: 0.7249926945467698
2023-06-21 08:19:55,238 [trainer.py:175] INFO: Epoch : 7, Train_loss : 0.1742279976606369, Mean_ioU: 0.729145950137883
2023-06-21 08:20:57,298 [trainer.py:175] INFO: Epoch : 8, Train_loss : 0.17772671580314636, Mean_ioU: 0.7274906833473498
2023-06-21 08:21:59,562 [trainer.py:175] INFO: Epoch : 9, Train_loss : 0.1725786179304123, Mean_ioU: 0.7331063052600311
2023-06-21 08:23:01,716 [trainer.py:175] INFO: Epoch : 10, Train_loss : 0.16795068979263306, Mean_ioU: 0.7398012183999083
2023-06-21 08:23:04,498 [trainer.py:223] INFO: Validation: Loss : 0.31555429100990295, mIoU : 0.4979977674796021
2023-06-21 08:24:06,550 [trainer.py:175] INFO: Epoch : 11, Train_loss : 0.1686103492975235, Mean_ioU: 0.739061059989584
2023-06-21 08:25:08,725 [trainer.py:175] INFO: Epoch : 12, Train_loss : 0.16577260196208954, Mean_ioU: 0.7441482936676874
2023-06-21 08:26:10,838 [trainer.py:175] INFO: Epoch : 13, Train_loss : 0.16466937959194183, Mean_ioU: 0.7462302793237882
2023-06-21 08:27:12,827 [trainer.py:175] INFO: Epoch : 14, Train_loss : 0.1641121506690979, Mean_ioU: 0.7469821939925925
2023-06-21 08:28:14,902 [trainer.py:175] INFO: Epoch : 15, Train_loss : 0.1617557406425476, Mean_ioU: 0.7494153317949237
2023-06-21 08:29:16,869 [trainer.py:175] INFO: Epoch : 16, Train_loss : 0.15863358974456787, Mean_ioU: 0.7528527550758398
2023-06-21 08:30:19,004 [trainer.py:175] INFO: Epoch : 17, Train_loss : 0.16165243089199066, Mean_ioU: 0.7495423249257898
2023-06-21 08:31:20,857 [trainer.py:175] INFO: Epoch : 18, Train_loss : 0.15405939519405365, Mean_ioU: 0.7592422516677193
2023-06-21 08:32:23,125 [trainer.py:175] INFO: Epoch : 19, Train_loss : 0.157481387257576, Mean_ioU: 0.7559002348794895
2023-06-21 08:33:25,305 [trainer.py:175] INFO: Epoch : 20, Train_loss : 0.1556503027677536, Mean_ioU: 0.7568237827478369
2023-06-21 08:33:28,009 [trainer.py:223] INFO: Validation: Loss : 0.6417988538742065, mIoU : 0.2746437940438305
